app/build/intermediates/manifest_merge_blame_file/debug/manifest-merger-blame-debug-report.txt
1<?xml version="1.0" encoding="utf-8"?>
2<manifest xmlns:android="http://schemas.android.com/apk/res/android"
3    package="com.example.imagelabelingimageskotlin"
4    android:versionCode="1"
5    android:versionName="1.0" >
6
7    <uses-sdk
8        android:minSdkVersion="21"
8-->src\main\AndroidManifest.xml
9        android:targetSdkVersion="33" />
9-->src\main\AndroidManifest.xml
10
11    <uses-permission android:name="android.permission.CAMERA" />
11-->src\main\AndroidManifest.xml:4:5-64
11-->src\main\AndroidManifest.xml:4:22-62
12    <uses-permission android:name="android.permission.WRITE_EXTERNAL_STORAGE" />
12-->src\main\AndroidManifest.xml:5:5-80
12-->src\main\AndroidManifest.xml:5:22-78
13
14    <!-- For allowlist service -->
15    <uses-permission android:name="android.permission.ACCESS_NETWORK_STATE" />
15-->[com.google.mlkit:vision-internal-vkp:18.2.2] AndroidManifest.xml:7:5-79
15-->[com.google.mlkit:vision-internal-vkp:18.2.2] AndroidManifest.xml:7:22-76
16    <uses-permission android:name="android.permission.INTERNET" />
16-->[com.google.mlkit:vision-internal-vkp:18.2.2] AndroidManifest.xml:8:5-67
16-->[com.google.mlkit:vision-internal-vkp:18.2.2] AndroidManifest.xml:8:22-64
17
18    <permission
18-->[androidx.core:core:1.9.0] AndroidManifest.xml:22:5-24:47
19        android:name="com.example.imagelabelingimageskotlin.DYNAMIC_RECEIVER_NOT_EXPORTED_PERMISSION"
19-->[androidx.core:core:1.9.0] AndroidManifest.xml:23:9-81
20        android:protectionLevel="signature" />
20-->[androidx.core:core:1.9.0] AndroidManifest.xml:24:9-44
21
22    <uses-permission android:name="com.example.imagelabelingimageskotlin.DYNAMIC_RECEIVER_NOT_EXPORTED_PERMISSION" />
22-->[androidx.core:core:1.9.0] AndroidManifest.xml:26:5-97
22-->[androidx.core:core:1.9.0] AndroidManifest.xml:26:22-94
23
24    <application
24-->src\main\AndroidManifest.xml:7:5-23:19
25        android:allowBackup="true"
25-->src\main\AndroidManifest.xml:8:9-35
26        android:appComponentFactory="androidx.core.app.CoreComponentFactory"
26-->[androidx.core:core:1.9.0] AndroidManifest.xml:28:18-86
27        android:debuggable="true"
28        android:icon="@mipmap/ic_launcher"
28-->src\main\AndroidManifest.xml:9:9-43
29        android:label="@string/app_name"
29-->src\main\AndroidManifest.xml:10:9-41
30        android:roundIcon="@mipmap/ic_launcher_round"
30-->src\main\AndroidManifest.xml:11:9-54
31        android:supportsRtl="true"
31-->src\main\AndroidManifest.xml:12:9-35
32        android:testOnly="true"
33        android:theme="@style/Theme.ImageLabelingImagesKotlin" >
33-->src\main\AndroidManifest.xml:13:9-63
34        <activity
34-->src\main\AndroidManifest.xml:14:9-22:20
35            android:name="com.example.imagelabelingimageskotlin.MainActivity"
35-->src\main\AndroidManifest.xml:15:13-41
36            android:exported="true" >
36-->src\main\AndroidManifest.xml:16:13-36
37            <intent-filter>
37-->src\main\AndroidManifest.xml:17:13-21:29
38                <action android:name="android.intent.action.MAIN" />
38-->src\main\AndroidManifest.xml:18:17-69
38-->src\main\AndroidManifest.xml:18:25-66
39
40                <category android:name="android.intent.category.LAUNCHER" />
40-->src\main\AndroidManifest.xml:20:17-77
40-->src\main\AndroidManifest.xml:20:27-74
41            </intent-filter>
42        </activity>
43
44        <service
44-->[com.google.mlkit:image-labeling:17.0.8] AndroidManifest.xml:8:9-14:19
45            android:name="com.google.mlkit.common.internal.MlKitComponentDiscoveryService"
45-->[com.google.mlkit:image-labeling:17.0.8] AndroidManifest.xml:9:13-91
46            android:directBootAware="true"
46-->[com.google.mlkit:common:18.10.0] AndroidManifest.xml:17:13-43
47            android:exported="false" >
47-->[com.google.mlkit:image-labeling:17.0.8] AndroidManifest.xml:10:13-37
48            <meta-data
48-->[com.google.mlkit:image-labeling:17.0.8] AndroidManifest.xml:11:13-13:85
49                android:name="com.google.firebase.components:com.google.mlkit.vision.label.defaults.internal.BundledLabelRegistrar"
49-->[com.google.mlkit:image-labeling:17.0.8] AndroidManifest.xml:12:17-132
50                android:value="com.google.firebase.components.ComponentRegistrar" />
50-->[com.google.mlkit:image-labeling:17.0.8] AndroidManifest.xml:13:17-82
51            <meta-data
51-->[com.google.mlkit:vision-internal-vkp:18.2.2] AndroidManifest.xml:14:13-16:85
52                android:name="com.google.firebase.components:com.google.mlkit.vision.vkp.VkpRegistrar"
52-->[com.google.mlkit:vision-internal-vkp:18.2.2] AndroidManifest.xml:15:17-103
53                android:value="com.google.firebase.components.ComponentRegistrar" />
53-->[com.google.mlkit:vision-internal-vkp:18.2.2] AndroidManifest.xml:16:17-82
54            <meta-data
54-->[com.google.mlkit:vision-common:17.3.0] AndroidManifest.xml:12:13-14:85
55                android:name="com.google.firebase.components:com.google.mlkit.vision.common.internal.VisionCommonRegistrar"
55-->[com.google.mlkit:vision-common:17.3.0] AndroidManifest.xml:13:17-124
56                android:value="com.google.firebase.components.ComponentRegistrar" />
56-->[com.google.mlkit:vision-common:17.3.0] AndroidManifest.xml:14:17-82
57            <meta-data
57-->[com.google.mlkit:common:18.10.0] AndroidManifest.xml:20:13-22:85
58                android:name="com.google.firebase.components:com.google.mlkit.common.internal.CommonComponentRegistrar"
58-->[com.google.mlkit:common:18.10.0] AndroidManifest.xml:21:17-120
59                android:value="com.google.firebase.components.ComponentRegistrar" />
59-->[com.google.mlkit:common:18.10.0] AndroidManifest.xml:22:17-82
60        </service>
61
62        <provider
62-->[com.google.mlkit:common:18.10.0] AndroidManifest.xml:9:9-13:38
63            android:name="com.google.mlkit.common.internal.MlKitInitProvider"
63-->[com.google.mlkit:common:18.10.0] AndroidManifest.xml:10:13-78
64            android:authorities="com.example.imagelabelingimageskotlin.mlkitinitprovider"
64-->[com.google.mlkit:common:18.10.0] AndroidManifest.xml:11:13-69
65            android:exported="false"
65-->[com.google.mlkit:common:18.10.0] AndroidManifest.xml:12:13-37
66            android:initOrder="99" />
66-->[com.google.mlkit:common:18.10.0] AndroidManifest.xml:13:13-35
67
68        <activity
68-->[com.google.android.gms:play-services-base:18.1.0] AndroidManifest.xml:20:9-22:45
69            android:name="com.google.android.gms.common.api.GoogleApiActivity"
69-->[com.google.android.gms:play-services-base:18.1.0] AndroidManifest.xml:20:19-85
70            android:exported="false"
70-->[com.google.android.gms:play-services-base:18.1.0] AndroidManifest.xml:22:19-43
71            android:theme="@android:style/Theme.Translucent.NoTitleBar" />
71-->[com.google.android.gms:play-services-base:18.1.0] AndroidManifest.xml:21:19-78
72
73        <meta-data
73-->[com.google.android.gms:play-services-basement:18.1.0] AndroidManifest.xml:21:9-23:69
74            android:name="com.google.android.gms.version"
74-->[com.google.android.gms:play-services-basement:18.1.0] AndroidManifest.xml:22:13-58
75            android:value="@integer/google_play_services_version" />
75-->[com.google.android.gms:play-services-basement:18.1.0] AndroidManifest.xml:23:13-66
76
77        <provider
77-->[androidx.emoji2:emoji2:1.2.0] AndroidManifest.xml:24:9-32:20
78            android:name="androidx.startup.InitializationProvider"
78-->[androidx.emoji2:emoji2:1.2.0] AndroidManifest.xml:25:13-67
79            android:authorities="com.example.imagelabelingimageskotlin.androidx-startup"
79-->[androidx.emoji2:emoji2:1.2.0] AndroidManifest.xml:26:13-68
80            android:exported="false" >
80-->[androidx.emoji2:emoji2:1.2.0] AndroidManifest.xml:27:13-37
81            <meta-data
81-->[androidx.emoji2:emoji2:1.2.0] AndroidManifest.xml:29:13-31:52
82                android:name="androidx.emoji2.text.EmojiCompatInitializer"
82-->[androidx.emoji2:emoji2:1.2.0] AndroidManifest.xml:30:17-75
83                android:value="androidx.startup" />
83-->[androidx.emoji2:emoji2:1.2.0] AndroidManifest.xml:31:17-49
84            <meta-data
84-->[androidx.lifecycle:lifecycle-process:2.4.1] AndroidManifest.xml:31:13-33:52
85                android:name="androidx.lifecycle.ProcessLifecycleInitializer"
85-->[androidx.lifecycle:lifecycle-process:2.4.1] AndroidManifest.xml:32:17-78
86                android:value="androidx.startup" />
86-->[androidx.lifecycle:lifecycle-process:2.4.1] AndroidManifest.xml:33:17-49
87        </provider>
88
89        <service
89-->[com.google.android.datatransport:transport-backend-cct:2.3.3] AndroidManifest.xml:29:9-35:19
90            android:name="com.google.android.datatransport.runtime.backends.TransportBackendDiscovery"
90-->[com.google.android.datatransport:transport-backend-cct:2.3.3] AndroidManifest.xml:30:13-103
91            android:exported="false" >
91-->[com.google.android.datatransport:transport-backend-cct:2.3.3] AndroidManifest.xml:31:13-37
92            <meta-data
92-->[com.google.android.datatransport:transport-backend-cct:2.3.3] AndroidManifest.xml:32:13-34:39
93                android:name="backend:com.google.android.datatransport.cct.CctBackendFactory"
93-->[com.google.android.datatransport:transport-backend-cct:2.3.3] AndroidManifest.xml:33:17-94
94                android:value="cct" />
94-->[com.google.android.datatransport:transport-backend-cct:2.3.3] AndroidManifest.xml:34:17-36
95        </service>
96        <service
96-->[com.google.android.datatransport:transport-runtime:2.2.6] AndroidManifest.xml:26:9-30:19
97            android:name="com.google.android.datatransport.runtime.scheduling.jobscheduling.JobInfoSchedulerService"
97-->[com.google.android.datatransport:transport-runtime:2.2.6] AndroidManifest.xml:27:13-117
98            android:exported="false"
98-->[com.google.android.datatransport:transport-runtime:2.2.6] AndroidManifest.xml:28:13-37
99            android:permission="android.permission.BIND_JOB_SERVICE" >
99-->[com.google.android.datatransport:transport-runtime:2.2.6] AndroidManifest.xml:29:13-69
100        </service>
101
102        <receiver
102-->[com.google.android.datatransport:transport-runtime:2.2.6] AndroidManifest.xml:32:9-34:40
103            android:name="com.google.android.datatransport.runtime.scheduling.jobscheduling.AlarmManagerSchedulerBroadcastReceiver"
103-->[com.google.android.datatransport:transport-runtime:2.2.6] AndroidManifest.xml:33:13-132
104            android:exported="false" />
104-->[com.google.android.datatransport:transport-runtime:2.2.6] AndroidManifest.xml:34:13-37
105    </application>
106
107</manifest>